#! /c/Source/iverilog-install/bin/vvp
:ivl_version "12.0 (devel)" "(s20150603-1539-g2693dd32b)";
:ivl_delay_selection "TYPICAL";
:vpi_time_precision + 0;
:vpi_module "C:\iverilog\lib\ivl\system.vpi";
:vpi_module "C:\iverilog\lib\ivl\vhdl_sys.vpi";
:vpi_module "C:\iverilog\lib\ivl\vhdl_textio.vpi";
:vpi_module "C:\iverilog\lib\ivl\v2005_math.vpi";
:vpi_module "C:\iverilog\lib\ivl\va_math.vpi";
:vpi_module "C:\iverilog\lib\ivl\v2009.vpi";
S_000001e930f92c80 .scope package, "$unit" "$unit" 2 1;
 .timescale 0 0;
S_000001e930f91810 .scope module, "tb_admin_unit" "tb_admin_unit" 3 1;
 .timescale 0 0;
P_000001e930fb48b0 .param/l "W" 1 3 2, +C4<00000000000000000000000000001000>;
v000001e93100a3c0_0 .var "clk", 0 0;
v000001e93100ab40_0 .var "lifetime", 7 0;
v000001e93100af00_0 .var "login", 0 0;
v000001e93100b040_0 .var "logout", 0 0;
v000001e931009ba0_0 .var "maxAttempts", 7 0;
v000001e93100a140_0 .var "refresh", 0 0;
v000001e93100a820_0 .var "rst", 0 0;
v000001e93100b4a0_0 .net "session", 0 0, v000001e93100a780_0;  1 drivers
v000001e93100a500_0 .var "timeout", 7 0;
v000001e93100b2c0_0 .var "zero", 0 0;
S_000001e930f94650 .scope begin, "$ivl_for_loop0" "$ivl_for_loop0" 3 37, 3 37 0, S_000001e930f91810;
 .timescale 0 0;
v000001e930f90c00_0 .var/2s "i", 31 0;
S_000001e930f947e0 .scope begin, "$ivl_for_loop1" "$ivl_for_loop1" 3 50, 3 50 0, S_000001e930f91810;
 .timescale 0 0;
v000001e930f90ac0_0 .var/2s "i", 31 0;
S_000001e930f9b490 .scope begin, "$ivl_for_loop2" "$ivl_for_loop2" 3 60, 3 60 0, S_000001e930f91810;
 .timescale 0 0;
v000001e930f90e80_0 .var/2s "i", 31 0;
S_000001e930f9b620 .scope begin, "$ivl_for_loop3" "$ivl_for_loop3" 3 71, 3 71 0, S_000001e930f91810;
 .timescale 0 0;
v000001e930f90840_0 .var/2s "i", 31 0;
S_000001e930f629c0 .scope module, "_admin_unit" "admin_unit" 3 7, 4 1 0, S_000001e930f91810;
 .timescale 0 0;
    .port_info 0 /INPUT 1 "clk";
    .port_info 1 /INPUT 1 "rst";
    .port_info 2 /INPUT 1 "logout";
    .port_info 3 /INPUT 1 "signal";
    .port_info 4 /INPUT 1 "login";
    .port_info 5 /INPUT 1 "refresh";
    .port_info 6 /INPUT 8 "tSes";
    .port_info 7 /INPUT 8 "tOut";
    .port_info 8 /INPUT 8 "max";
    .port_info 9 /OUTPUT 1 "session";
P_000001e930fb5070 .param/l "width" 0 4 1, +C4<00000000000000000000000000001000>;
L_000001e930fa8210 .functor NOT 1, L_000001e93100ae60, C4<0>, C4<0>, C4<0>;
L_000001e930fa7720 .functor NOT 1, L_000001e93100b540, C4<0>, C4<0>, C4<0>;
L_000001e930fa8360 .functor OR 1, v000001e93100b040_0, L_000001e93100b5e0, C4<0>, C4<0>;
L_000001e930fa8590 .functor AND 1, v000001e93100af00_0, L_000001e93100b540, C4<1>, C4<1>;
L_000001e930fa7870 .functor AND 1, L_000001e93100ae60, L_000001e930fa8590, C4<1>, C4<1>;
L_000001e930fa8600 .functor AND 1, L_000001e930fa7870, v000001e93100a780_0, C4<1>, C4<1>;
L_000001e930fa7b80 .functor OR 1, L_000001e930fa8360, v000001e93100a140_0, C4<0>, C4<0>;
L_000001e930fa7bf0 .functor OR 1, L_000001e930fa7b80, L_000001e930fa8600, C4<0>, C4<0>;
L_000001e9310f0088 .functor BUFT 1, C4<1>, C4<0>, C4<0>, C4<0>;
v000001e930f914c0_0 .net/2u *"_ivl_0", 0 0, L_000001e9310f0088;  1 drivers
v000001e930f907a0_0 .net *"_ivl_22", 0 0, L_000001e930fa7b80;  1 drivers
L_000001e9310f00d0 .functor BUFT 1, C4<0000000>, C4<0>, C4<0>, C4<0>;
v000001e930f908e0_0 .net/2u *"_ivl_4", 6 0, L_000001e9310f00d0;  1 drivers
v000001e930f91560_0 .net *"_ivl_6", 0 0, L_000001e930fa8210;  1 drivers
v000001e930f91600_0 .var "attempts", 7 0;
v000001e9310099c0_0 .net "clk", 0 0, v000001e93100a3c0_0;  1 drivers
v000001e93100b0e0_0 .net "expired", 0 0, L_000001e93100b5e0;  1 drivers
v000001e93100aaa0_0 .net "inc", 7 0, L_000001e93100a0a0;  1 drivers
v000001e93100a460_0 .net "login", 0 0, v000001e93100af00_0;  1 drivers
v000001e93100b360_0 .net "logout", 0 0, v000001e93100b040_0;  1 drivers
v000001e93100b220_0 .net "logout_clr", 0 0, L_000001e930fa7bf0;  1 drivers
v000001e93100a6e0_0 .net "max", 7 0, v000001e931009ba0_0;  1 drivers
v000001e93100a640_0 .net "new_login", 0 0, L_000001e930fa8600;  1 drivers
v000001e93100b180_0 .net "refresh", 0 0, v000001e93100a140_0;  1 drivers
v000001e93100a960_0 .net "rst", 0 0, v000001e93100a820_0;  1 drivers
v000001e93100adc0_0 .net "sesff_clr", 0 0, L_000001e930fa8360;  1 drivers
v000001e93100ad20_0 .net "sesff_en", 0 0, L_000001e930fa8590;  1 drivers
v000001e93100a780_0 .var "session", 0 0;
v000001e931009b00_0 .net "signal", 0 0, v000001e93100b2c0_0;  1 drivers
v000001e931009d80_0 .net "success", 0 0, L_000001e930fa7870;  1 drivers
v000001e93100a000_0 .net "tOut", 7 0, v000001e93100a500_0;  1 drivers
v000001e931009a60_0 .net "tSes", 7 0, v000001e93100ab40_0;  1 drivers
v000001e93100b7c0_0 .net "timeout", 0 0, L_000001e93100b860;  1 drivers
v000001e93100b400_0 .net "val", 0 0, L_000001e93100ae60;  1 drivers
v000001e93100afa0_0 .net "valid", 0 0, L_000001e93100b540;  1 drivers
L_000001e93100ae60 .functor MUXZ 1, v000001e93100b2c0_0, L_000001e9310f0088, v000001e93100b040_0, C4<>;
L_000001e93100a0a0 .concat [ 1 7 0 0], L_000001e930fa8210, L_000001e9310f00d0;
L_000001e93100b540 .cmp/gt 8, v000001e931009ba0_0, v000001e930f91600_0;
S_000001e930f62b50 .scope module, "_logout" "cycle_comparer" 4 32, 5 1 0, S_000001e930f629c0;
 .timescale 0 0;
    .port_info 0 /INPUT 1 "clk";
    .port_info 1 /INPUT 1 "en";
    .port_info 2 /INPUT 1 "rst";
    .port_info 3 /INPUT 1 "clr";
    .port_info 4 /INPUT 8 "tol";
    .port_info 5 /OUTPUT 1 "state";
P_000001e930fb4830 .param/l "width" 0 5 1, +C4<00000000000000000000000000001000>;
v000001e930f90b60_0 .net "clk", 0 0, v000001e93100a3c0_0;  alias, 1 drivers
v000001e930f91240_0 .net "clr", 0 0, L_000001e930fa7bf0;  alias, 1 drivers
v000001e930f90980_0 .var "cycles", 7 0;
v000001e930f90ca0_0 .net "en", 0 0, v000001e93100a780_0;  alias, 1 drivers
L_000001e9310f0160 .functor BUFT 1, C4<00000001>, C4<0>, C4<0>, C4<0>;
v000001e930f916a0_0 .net "inc", 7 0, L_000001e9310f0160;  1 drivers
v000001e930f912e0_0 .net "rst", 0 0, v000001e93100a820_0;  alias, 1 drivers
v000001e930f90f20_0 .net "state", 0 0, L_000001e93100b5e0;  alias, 1 drivers
v000001e930f90d40_0 .net "tol", 7 0, v000001e93100ab40_0;  alias, 1 drivers
E_000001e930fb5130 .event posedge, v000001e930f912e0_0, v000001e930f90b60_0;
L_000001e93100b5e0 .cmp/ge 8, v000001e930f90980_0, v000001e93100ab40_0;
S_000001e930fb05c0 .scope module, "_timeout" "cycle_comparer" 4 23, 5 1 0, S_000001e930f629c0;
 .timescale 0 0;
    .port_info 0 /INPUT 1 "clk";
    .port_info 1 /INPUT 1 "en";
    .port_info 2 /INPUT 1 "rst";
    .port_info 3 /INPUT 1 "clr";
    .port_info 4 /INPUT 8 "tol";
    .port_info 5 /OUTPUT 1 "state";
P_000001e930fb5570 .param/l "width" 0 5 1, +C4<00000000000000000000000000001000>;
v000001e930f91420_0 .net "clk", 0 0, v000001e93100a3c0_0;  alias, 1 drivers
v000001e930f90de0_0 .net "clr", 0 0, L_000001e93100b860;  alias, 1 drivers
v000001e930f90a20_0 .var "cycles", 7 0;
v000001e930f90fc0_0 .net "en", 0 0, L_000001e930fa7720;  1 drivers
L_000001e9310f0118 .functor BUFT 1, C4<00000001>, C4<0>, C4<0>, C4<0>;
v000001e930f91100_0 .net "inc", 7 0, L_000001e9310f0118;  1 drivers
v000001e930f91060_0 .net "rst", 0 0, v000001e93100a820_0;  alias, 1 drivers
v000001e930f91380_0 .net "state", 0 0, L_000001e93100b860;  alias, 1 drivers
v000001e930f911a0_0 .net "tol", 7 0, v000001e93100a500_0;  alias, 1 drivers
L_000001e93100b860 .cmp/ge 8, v000001e930f90a20_0, v000001e93100a500_0;
    .scope S_000001e930fb05c0;
T_0 ;
    %wait E_000001e930fb5130;
    %load/vec4 v000001e930f91060_0;
    %flag_set/vec4 8;
    %jmp/1 T_0.2, 8;
    %load/vec4 v000001e930f90de0_0;
    %flag_set/vec4 9;
    %flag_or 8, 9;
T_0.2;
    %jmp/0xz  T_0.0, 8;
    %pushi/vec4 0, 0, 8;
    %assign/vec4 v000001e930f90a20_0, 0;
    %jmp T_0.1;
T_0.0 ;
    %load/vec4 v000001e930f90fc0_0;
    %flag_set/vec4 8;
    %jmp/0xz  T_0.3, 8;
    %load/vec4 v000001e930f90a20_0;
    %load/vec4 v000001e930f91100_0;
    %add;
    %assign/vec4 v000001e930f90a20_0, 0;
T_0.3 ;
T_0.1 ;
    %jmp T_0;
    .thread T_0;
    .scope S_000001e930f62b50;
T_1 ;
    %wait E_000001e930fb5130;
    %load/vec4 v000001e930f912e0_0;
    %flag_set/vec4 8;
    %jmp/1 T_1.2, 8;
    %load/vec4 v000001e930f91240_0;
    %flag_set/vec4 9;
    %flag_or 8, 9;
T_1.2;
    %jmp/0xz  T_1.0, 8;
    %pushi/vec4 0, 0, 8;
    %assign/vec4 v000001e930f90980_0, 0;
    %jmp T_1.1;
T_1.0 ;
    %load/vec4 v000001e930f90ca0_0;
    %flag_set/vec4 8;
    %jmp/0xz  T_1.3, 8;
    %load/vec4 v000001e930f90980_0;
    %load/vec4 v000001e930f916a0_0;
    %add;
    %assign/vec4 v000001e930f90980_0, 0;
T_1.3 ;
T_1.1 ;
    %jmp T_1;
    .thread T_1;
    .scope S_000001e930f629c0;
T_2 ;
    %wait E_000001e930fb5130;
    %load/vec4 v000001e93100a960_0;
    %flag_set/vec4 8;
    %jmp/1 T_2.2, 8;
    %load/vec4 v000001e93100b7c0_0;
    %flag_set/vec4 9;
    %flag_or 8, 9;
T_2.2;
    %jmp/0xz  T_2.0, 8;
    %pushi/vec4 0, 0, 8;
    %assign/vec4 v000001e930f91600_0, 0;
    %jmp T_2.1;
T_2.0 ;
    %load/vec4 v000001e93100a460_0;
    %flag_set/vec4 8;
    %jmp/0xz  T_2.3, 8;
    %load/vec4 v000001e930f91600_0;
    %load/vec4 v000001e93100aaa0_0;
    %add;
    %assign/vec4 v000001e930f91600_0, 0;
T_2.3 ;
T_2.1 ;
    %jmp T_2;
    .thread T_2;
    .scope S_000001e930f629c0;
T_3 ;
    %wait E_000001e930fb5130;
    %load/vec4 v000001e93100a960_0;
    %flag_set/vec4 8;
    %jmp/1 T_3.2, 8;
    %load/vec4 v000001e93100adc0_0;
    %flag_set/vec4 9;
    %flag_or 8, 9;
T_3.2;
    %jmp/0xz  T_3.0, 8;
    %pushi/vec4 0, 0, 1;
    %assign/vec4 v000001e93100a780_0, 0;
    %jmp T_3.1;
T_3.0 ;
    %load/vec4 v000001e93100ad20_0;
    %flag_set/vec4 8;
    %jmp/0xz  T_3.3, 8;
    %load/vec4 v000001e93100b400_0;
    %assign/vec4 v000001e93100a780_0, 0;
T_3.3 ;
T_3.1 ;
    %jmp T_3;
    .thread T_3;
    .scope S_000001e930f91810;
T_4 ;
    %delay 5, 0;
    %load/vec4 v000001e93100a3c0_0;
    %inv;
    %store/vec4 v000001e93100a3c0_0, 0, 1;
    %jmp T_4;
    .thread T_4;
    .scope S_000001e930f91810;
T_5 ;
    %vpi_call/w 3 16 "$dumpfile", "./output/wave.vcd" {0 0 0};
    %vpi_call/w 3 17 "$dumpvars", 32'sb00000000000000000000000000000000, S_000001e930f91810 {0 0 0};
    %vpi_call/w 3 18 "$display", "[Inicio del testbench]" {0 0 0};
    %pushi/vec4 5, 0, 8;
    %store/vec4 v000001e93100ab40_0, 0, 8;
    %pushi/vec4 10, 0, 8;
    %store/vec4 v000001e93100a500_0, 0, 8;
    %pushi/vec4 3, 0, 8;
    %store/vec4 v000001e931009ba0_0, 0, 8;
    %pushi/vec4 0, 0, 1;
    %store/vec4 v000001e93100af00_0, 0, 1;
    %pushi/vec4 0, 0, 1;
    %store/vec4 v000001e93100b040_0, 0, 1;
    %pushi/vec4 0, 0, 1;
    %store/vec4 v000001e93100a140_0, 0, 1;
    %pushi/vec4 0, 0, 1;
    %store/vec4 v000001e93100b2c0_0, 0, 1;
    %pushi/vec4 0, 0, 1;
    %store/vec4 v000001e93100a3c0_0, 0, 1;
    %pushi/vec4 1, 0, 1;
    %store/vec4 v000001e93100a820_0, 0, 1;
    %delay 5, 0;
    %pushi/vec4 0, 0, 1;
    %store/vec4 v000001e93100a820_0, 0, 1;
    %delay 5, 0;
    %vpi_call/w 3 36 "$display", "--------------------------[Sobrecarga de intentos de inicio de session]--------------------------" {0 0 0};
    %fork t_1, S_000001e930f94650;
    %jmp t_0;
    .scope S_000001e930f94650;
t_1 ;
    %pushi/vec4 0, 0, 32;
    %store/vec4 v000001e930f90c00_0, 0, 32;
T_5.0 ;
    %load/vec4 v000001e930f90c00_0;
    %cmpi/s 4, 0, 32;
    %jmp/0xz T_5.1, 5;
    %pushi/vec4 1, 0, 1;
    %store/vec4 v000001e93100af00_0, 0, 1;
    %load/vec4 v000001e930f90c00_0;
    %cmpi/e 3, 0, 32;
    %jmp/0xz  T_5.2, 4;
    %pushi/vec4 1, 0, 1;
    %store/vec4 v000001e93100b2c0_0, 0, 1;
    %jmp T_5.3;
T_5.2 ;
    %pushi/vec4 0, 0, 1;
    %store/vec4 v000001e93100b2c0_0, 0, 1;
T_5.3 ;
    %delay 10, 0;
    %load/vec4 v000001e93100b4a0_0;
    %flag_set/vec4 8;
    %jmp/0xz  T_5.4, 8;
    %vpi_call/w 3 42 "$display", "Inicio de session exitoso" {0 0 0};
    %jmp T_5.5;
T_5.4 ;
    %vpi_call/w 3 43 "$display", "Inicio de session fallado (%0d)", v000001e930f90c00_0 {0 0 0};
T_5.5 ;
    ; show_stmt_assign_vector: Get l-value for compressed += operand
    %load/vec4 v000001e930f90c00_0;
    %pushi/vec4 1, 0, 32;
    %add;
    %cast2;
    %store/vec4 v000001e930f90c00_0, 0, 32;
    %jmp T_5.0;
T_5.1 ;
    %end;
    .scope S_000001e930f91810;
t_0 %join;
    %pushi/vec4 1, 0, 1;
    %store/vec4 v000001e93100af00_0, 0, 1;
    %pushi/vec4 1, 0, 1;
    %store/vec4 v000001e93100b2c0_0, 0, 1;
    %vpi_call/w 3 49 "$display", "--------------------------[Tiempo de espera para iniciar session]--------------------------" {0 0 0};
    %fork t_3, S_000001e930f947e0;
    %jmp t_2;
    .scope S_000001e930f947e0;
t_3 ;
    %pushi/vec4 0, 0, 32;
    %store/vec4 v000001e930f90ac0_0, 0, 32;
T_5.6 ;
    %load/vec4 v000001e930f90ac0_0;
    %cmpi/s 11, 0, 32;
    %jmp/0xz T_5.7, 5;
    %delay 10, 0;
    %load/vec4 v000001e93100b4a0_0;
    %flag_set/vec4 8;
    %jmp/0xz  T_5.8, 8;
    %vpi_call/w 3 52 "$display", "Inicio de session exitoso" {0 0 0};
    %jmp T_5.9;
T_5.8 ;
    %vpi_call/w 3 53 "$display", "Inicio de session fallado (%0d)", v000001e930f90ac0_0 {0 0 0};
T_5.9 ;
    ; show_stmt_assign_vector: Get l-value for compressed += operand
    %load/vec4 v000001e930f90ac0_0;
    %pushi/vec4 1, 0, 32;
    %add;
    %cast2;
    %store/vec4 v000001e930f90ac0_0, 0, 32;
    %jmp T_5.6;
T_5.7 ;
    %end;
    .scope S_000001e930f91810;
t_2 %join;
    %pushi/vec4 0, 0, 1;
    %store/vec4 v000001e93100af00_0, 0, 1;
    %pushi/vec4 0, 0, 1;
    %store/vec4 v000001e93100b2c0_0, 0, 1;
    %vpi_call/w 3 59 "$display", "--------------------------[Tiempo de vida de una session activa]--------------------------" {0 0 0};
    %fork t_5, S_000001e930f9b490;
    %jmp t_4;
    .scope S_000001e930f9b490;
t_5 ;
    %pushi/vec4 0, 0, 32;
    %store/vec4 v000001e930f90e80_0, 0, 32;
T_5.10 ;
    %load/vec4 v000001e930f90e80_0;
    %cmpi/s 11, 0, 32;
    %jmp/0xz T_5.11, 5;
    %load/vec4 v000001e930f90e80_0;
    %cmpi/e 4, 0, 32;
    %jmp/0xz  T_5.12, 4;
    %pushi/vec4 1, 0, 1;
    %store/vec4 v000001e93100a140_0, 0, 1;
    %jmp T_5.13;
T_5.12 ;
    %pushi/vec4 0, 0, 1;
    %store/vec4 v000001e93100a140_0, 0, 1;
T_5.13 ;
    %delay 10, 0;
    %load/vec4 v000001e93100b4a0_0;
    %flag_set/vec4 8;
    %jmp/0xz  T_5.14, 8;
    %vpi_call/w 3 64 "$display", "Session de admin activa (%0d)", v000001e930f90e80_0 {0 0 0};
    %jmp T_5.15;
T_5.14 ;
    %vpi_call/w 3 65 "$display", "Session finalizada" {0 0 0};
T_5.15 ;
    ; show_stmt_assign_vector: Get l-value for compressed += operand
    %load/vec4 v000001e930f90e80_0;
    %pushi/vec4 1, 0, 32;
    %add;
    %cast2;
    %store/vec4 v000001e930f90e80_0, 0, 32;
    %jmp T_5.10;
T_5.11 ;
    %end;
    .scope S_000001e930f91810;
t_4 %join;
    %delay 10, 0;
    %vpi_call/w 3 70 "$display", "--------------------------[Inicio y cierra de session]--------------------------" {0 0 0};
    %fork t_7, S_000001e930f9b620;
    %jmp t_6;
    .scope S_000001e930f9b620;
t_7 ;
    %pushi/vec4 0, 0, 32;
    %store/vec4 v000001e930f90840_0, 0, 32;
T_5.16 ;
    %load/vec4 v000001e930f90840_0;
    %cmpi/s 2, 0, 32;
    %jmp/0xz T_5.17, 5;
    %load/vec4 v000001e930f90840_0;
    %cmpi/e 0, 0, 32;
    %jmp/0xz  T_5.18, 4;
    %pushi/vec4 1, 0, 1;
    %store/vec4 v000001e93100af00_0, 0, 1;
    %pushi/vec4 1, 0, 1;
    %store/vec4 v000001e93100b2c0_0, 0, 1;
    %jmp T_5.19;
T_5.18 ;
    %pushi/vec4 0, 0, 1;
    %store/vec4 v000001e93100af00_0, 0, 1;
    %pushi/vec4 1, 0, 1;
    %store/vec4 v000001e93100b040_0, 0, 1;
    %pushi/vec4 0, 0, 1;
    %store/vec4 v000001e93100b2c0_0, 0, 1;
T_5.19 ;
    %delay 10, 0;
    %load/vec4 v000001e93100b4a0_0;
    %flag_set/vec4 8;
    %jmp/0xz  T_5.20, 8;
    %vpi_call/w 3 81 "$display", "Inicio de session exitoso" {0 0 0};
    %jmp T_5.21;
T_5.20 ;
    %vpi_call/w 3 82 "$display", "Cierre de session" {0 0 0};
T_5.21 ;
    ; show_stmt_assign_vector: Get l-value for compressed += operand
    %load/vec4 v000001e930f90840_0;
    %pushi/vec4 1, 0, 32;
    %add;
    %cast2;
    %store/vec4 v000001e930f90840_0, 0, 32;
    %jmp T_5.16;
T_5.17 ;
    %end;
    .scope S_000001e930f91810;
t_6 %join;
    %vpi_call/w 3 85 "$display", "[Final del testbench]" {0 0 0};
    %vpi_call/w 3 86 "$finish" {0 0 0};
    %end;
    .thread T_5;
# The file index is used to find the file name in the following table.
:file_names 6;
    "N/A";
    "<interactive>";
    "-";
    "./src/control/tests/tb_admin_unit.sv";
    "./src/control/admin_unit.sv";
    "./src/control/cycle_comparer.sv";
