#! /mingw64/bin/vvp
:ivl_version "13.0 (stable)" "(v13_0)";
:ivl_delay_selection "TYPICAL";
:vpi_time_precision - 12;
:vpi_module "C:\msys64\mingw64\lib\ivl\system.vpi";
:vpi_module "C:\msys64\mingw64\lib\ivl\vhdl_sys.vpi";
:vpi_module "C:\msys64\mingw64\lib\ivl\vhdl_textio.vpi";
:vpi_module "C:\msys64\mingw64\lib\ivl\v2005_math.vpi";
:vpi_module "C:\msys64\mingw64\lib\ivl\va_math.vpi";
:vpi_module "C:\msys64\mingw64\lib\ivl\v2009.vpi";
S_00000216ae748430 .scope package, "$unit" "$unit" 2 1;
 .timescale 0 0;
S_00000216ae74bde0 .scope module, "data_memory_tb" "data_memory_tb" 3 3;
 .timescale -9 -12;
P_00000216ae746190 .param/l "MEM_SIZE_KB" 1 3 6, +C4<00000000000000000000000000000001>;
v00000216ae79c100_0 .var "A", 31 0;
v00000216ae79b3e0_0 .var "ASM", 3 0;
v00000216ae79b660_0 .var "CLK", 0 0;
v00000216ae79cd80_0 .net "RD", 31 0, v00000216ae73e390_0;  1 drivers
v00000216ae79cf60_0 .var "RST", 0 0;
v00000216ae79be80_0 .var "WD", 31 0;
v00000216ae79c920_0 .var "WE", 0 0;
S_00000216ae7418d0 .scope task, "EscribirMediaPalabra" "EscribirMediaPalabra" 3 77, 3 77 0, S_00000216ae74bde0;
 .timescale -9 -12;
v00000216ae73e250_0 .var "addr", 31 0;
v00000216ae73dad0_0 .var "data", 15 0;
v00000216ae73e1b0_0 .var "mask", 3 0;
E_00000216ae746990 .event posedge, v00000216ae73da30_0;
TD_data_memory_tb.EscribirMediaPalabra ;
    %wait E_00000216ae746990;
    %delay 1000, 0;
    %load/vec4 v00000216ae73e250_0;
    %store/vec4 v00000216ae79c100_0, 0, 32;
    %pushi/vec4 1, 0, 1;
    %store/vec4 v00000216ae79c920_0, 0, 1;
    %load/vec4 v00000216ae73e1b0_0;
    %store/vec4 v00000216ae79b3e0_0, 0, 4;
    %pushi/vec4 0, 0, 16;
    %load/vec4 v00000216ae73dad0_0;
    %concat/vec4; draw_concat_vec4
    %store/vec4 v00000216ae79be80_0, 0, 32;
    %wait E_00000216ae746990;
    %delay 1000, 0;
    %pushi/vec4 0, 0, 1;
    %store/vec4 v00000216ae79c920_0, 0, 1;
    %pushi/vec4 0, 0, 4;
    %store/vec4 v00000216ae79b3e0_0, 0, 4;
    %end;
S_00000216ae741a60 .scope module, "dut" "data_memory" 3 20, 4 1 0, S_00000216ae74bde0;
 .timescale 0 0;
    .port_info 0 /INPUT 1 "CLK";
    .port_info 1 /INPUT 1 "RST";
    .port_info 2 /INPUT 32 "A";
    .port_info 3 /INPUT 1 "WE";
    .port_info 4 /INPUT 4 "ASM";
    .port_info 5 /INPUT 32 "WD";
    .port_info 6 /OUTPUT 32 "RD";
P_00000216ae6f6020 .param/l "ADDR_WIDTH" 1 4 22, +C4<00000000000000000000000000001000>;
P_00000216ae6f6058 .param/l "MEM_SIZE_KB" 0 4 2, +C4<00000000000000000000000000000001>;
P_00000216ae6f6090 .param/l "NUM_WORDS" 1 4 18, +C4<00000000000000000000000100000000>;
v00000216ae73dd50_0 .net "A", 31 0, v00000216ae79c100_0;  1 drivers
v00000216ae73dcb0_0 .net "ASM", 3 0, v00000216ae79b3e0_0;  1 drivers
v00000216ae73da30_0 .net "CLK", 0 0, v00000216ae79b660_0;  1 drivers
v00000216ae73e6b0 .array "RAM", 255 0, 31 0;
v00000216ae73db70_0 .net "RAM_first_word_byte", 0 0, L_00000216ae79bde0;  1 drivers
v00000216ae73ddf0_0 .net "RAM_fourth_word_byte", 0 0, L_00000216ae79cec0;  1 drivers
v00000216ae73e070_0 .net "RAM_second_word_byte", 0 0, L_00000216ae79b700;  1 drivers
v00000216ae73e110_0 .net "RAM_third_word_byte", 0 0, L_00000216ae79b980;  1 drivers
v00000216ae73e390_0 .var "RD", 31 0;
v00000216ae73e430_0 .net "RST", 0 0, v00000216ae79cf60_0;  1 drivers
v00000216ae73e4d0_0 .net "WD", 31 0, v00000216ae79be80_0;  1 drivers
v00000216ae73e570_0 .net "WE", 0 0, v00000216ae79c920_0;  1 drivers
v00000216ae73e610_0 .net *"_ivl_12", 31 0, L_00000216ae79b7a0;  1 drivers
v00000216ae73e750_0 .net *"_ivl_14", 9 0, L_00000216ae79bc00;  1 drivers
L_00000216aeab0088 .functor BUFT 1, C4<00>, C4<0>, C4<0>, C4<0>;
v00000216ae73e7f0_0 .net *"_ivl_17", 1 0, L_00000216aeab0088;  1 drivers
v00000216ae73d8f0_0 .net *"_ivl_19", 7 0, L_00000216ae79c060;  1 drivers
v00000216ae73d990_0 .net *"_ivl_22", 31 0, L_00000216ae79c240;  1 drivers
v00000216ae728b00_0 .net *"_ivl_24", 9 0, L_00000216ae79c560;  1 drivers
L_00000216aeab00d0 .functor BUFT 1, C4<00>, C4<0>, C4<0>, C4<0>;
v00000216ae729280_0 .net *"_ivl_27", 1 0, L_00000216aeab00d0;  1 drivers
v00000216ae7295a0_0 .net *"_ivl_29", 7 0, L_00000216ae79cce0;  1 drivers
v00000216ae79b0c0_0 .net *"_ivl_32", 31 0, L_00000216ae79ce20;  1 drivers
v00000216ae79b5c0_0 .net *"_ivl_34", 9 0, L_00000216ae79b840;  1 drivers
L_00000216aeab0118 .functor BUFT 1, C4<00>, C4<0>, C4<0>, C4<0>;
v00000216ae79c2e0_0 .net *"_ivl_37", 1 0, L_00000216aeab0118;  1 drivers
v00000216ae79ca60_0 .net *"_ivl_39", 7 0, L_00000216ae79b8e0;  1 drivers
v00000216ae79b340_0 .net *"_ivl_42", 31 0, L_00000216ae79c600;  1 drivers
v00000216ae79bf20_0 .net *"_ivl_44", 9 0, L_00000216ae79c6a0;  1 drivers
L_00000216aeab0160 .functor BUFT 1, C4<00>, C4<0>, C4<0>, C4<0>;
v00000216ae79c1a0_0 .net *"_ivl_47", 1 0, L_00000216aeab0160;  1 drivers
v00000216ae79bfc0_0 .net *"_ivl_49", 7 0, L_00000216ae79c9c0;  1 drivers
v00000216ae79bd40_0 .net "bit0", 0 0, L_00000216ae79b520;  1 drivers
v00000216ae79cb00_0 .net "bit1", 0 0, L_00000216ae79c740;  1 drivers
v00000216ae79cba0_0 .net "bit2", 0 0, L_00000216ae79b2a0;  1 drivers
v00000216ae79bca0_0 .net "bit3", 0 0, L_00000216ae79c420;  1 drivers
v00000216ae79c7e0_0 .net "byte_offset", 1 0, L_00000216ae79cc40;  1 drivers
v00000216ae79b480_0 .net "word_idx", 7 0, L_00000216ae79bb60;  1 drivers
E_00000216ae746b10/0 .event anyedge, v00000216ae79bd40_0, v00000216ae73db70_0, v00000216ae79cb00_0, v00000216ae73e070_0;
E_00000216ae746b10/1 .event anyedge, v00000216ae79cba0_0, v00000216ae73e110_0, v00000216ae79bca0_0, v00000216ae73ddf0_0;
E_00000216ae746b10 .event/or E_00000216ae746b10/0, E_00000216ae746b10/1;
L_00000216ae79bb60 .part v00000216ae79c100_0, 2, 8;
L_00000216ae79cc40 .part v00000216ae79c100_0, 0, 2;
L_00000216ae79b520 .part v00000216ae79b3e0_0, 0, 1;
L_00000216ae79c740 .part v00000216ae79b3e0_0, 1, 1;
L_00000216ae79b2a0 .part v00000216ae79b3e0_0, 2, 1;
L_00000216ae79c420 .part v00000216ae79b3e0_0, 3, 1;
L_00000216ae79b7a0 .array/port v00000216ae73e6b0, L_00000216ae79bc00;
L_00000216ae79bc00 .concat [ 8 2 0 0], L_00000216ae79bb60, L_00000216aeab0088;
L_00000216ae79c060 .part L_00000216ae79b7a0, 0, 8;
L_00000216ae79bde0 .part L_00000216ae79c060, 0, 1;
L_00000216ae79c240 .array/port v00000216ae73e6b0, L_00000216ae79c560;
L_00000216ae79c560 .concat [ 8 2 0 0], L_00000216ae79bb60, L_00000216aeab00d0;
L_00000216ae79cce0 .part L_00000216ae79c240, 8, 8;
L_00000216ae79b700 .part L_00000216ae79cce0, 0, 1;
L_00000216ae79ce20 .array/port v00000216ae73e6b0, L_00000216ae79b840;
L_00000216ae79b840 .concat [ 8 2 0 0], L_00000216ae79bb60, L_00000216aeab0118;
L_00000216ae79b8e0 .part L_00000216ae79ce20, 16, 8;
L_00000216ae79b980 .part L_00000216ae79b8e0, 0, 1;
L_00000216ae79c600 .array/port v00000216ae73e6b0, L_00000216ae79c6a0;
L_00000216ae79c6a0 .concat [ 8 2 0 0], L_00000216ae79bb60, L_00000216aeab0160;
L_00000216ae79c9c0 .part L_00000216ae79c600, 24, 8;
L_00000216ae79cec0 .part L_00000216ae79c9c0, 0, 1;
S_00000216ae722880 .scope begin, "$ivl_for_loop0" "$ivl_for_loop0" 4 43, 4 43 0, S_00000216ae741a60;
 .timescale 0 0;
v00000216ae73df30_0 .var/2s "i", 31 0;
S_00000216ae713de0 .scope task, "task_read" "task_read" 3 92, 3 92 0, S_00000216ae74bde0;
 .timescale -9 -12;
v00000216ae79c4c0_0 .var "addr", 31 0;
v00000216ae79b160_0 .var "mask", 3 0;
TD_data_memory_tb.task_read ;
    %delay 1000, 0;
    %load/vec4 v00000216ae79c4c0_0;
    %store/vec4 v00000216ae79c100_0, 0, 32;
    %load/vec4 v00000216ae79b160_0;
    %store/vec4 v00000216ae79b3e0_0, 0, 4;
    %delay 2000, 0;
    %end;
S_00000216ae713f70 .scope task, "task_write" "task_write" 3 62, 3 62 0, S_00000216ae74bde0;
 .timescale -9 -12;
v00000216ae79c880_0 .var "addr", 31 0;
v00000216ae79b200_0 .var "data", 31 0;
v00000216ae79c380_0 .var "mask", 3 0;
TD_data_memory_tb.task_write ;
    %wait E_00000216ae746990;
    %delay 1000, 0;
    %load/vec4 v00000216ae79c880_0;
    %store/vec4 v00000216ae79c100_0, 0, 32;
    %load/vec4 v00000216ae79b200_0;
    %store/vec4 v00000216ae79be80_0, 0, 32;
    %pushi/vec4 1, 0, 1;
    %store/vec4 v00000216ae79c920_0, 0, 1;
    %load/vec4 v00000216ae79c380_0;
    %store/vec4 v00000216ae79b3e0_0, 0, 4;
    %wait E_00000216ae746990;
    %delay 1000, 0;
    %pushi/vec4 0, 0, 1;
    %store/vec4 v00000216ae79c920_0, 0, 1;
    %pushi/vec4 0, 0, 4;
    %store/vec4 v00000216ae79b3e0_0, 0, 4;
    %end;
    .scope S_00000216ae741a60;
T_3 ;
    %fork t_1, S_00000216ae722880;
    %jmp t_0;
    .scope S_00000216ae722880;
t_1 ;
    %pushi/vec4 0, 0, 32;
    %store/vec4 v00000216ae73df30_0, 0, 32;
T_3.0 ; Top of for-loop
    %load/vec4 v00000216ae73df30_0;
    %cmpi/s 255, 0, 32;
	  %jmp/0xz T_3.1, 5;
    %pushi/vec4 0, 0, 32;
    %ix/getv/s 4, v00000216ae73df30_0;
    %store/vec4a v00000216ae73e6b0, 4, 0;
T_3.2 ; for-loop step statement
    ; show_stmt_assign_vector: Get l-value for compressed += operand
    %load/vec4 v00000216ae73df30_0;
    %pushi/vec4 1, 0, 32;
    %add;
    %cast2;
    %store/vec4 v00000216ae73df30_0, 0, 32;
    %jmp T_3.0;
T_3.1 ; for-loop exit label
    %end;
    .scope S_00000216ae741a60;
t_0 %join;
    %vpi_call/w 4 46 "$readmemh", "./src/memories/data_mem.hex", v00000216ae73e6b0 {0 0 0};
    %end;
    .thread T_3;
    .scope S_00000216ae741a60;
T_4 ;
    %wait E_00000216ae746990;
    %load/vec4 v00000216ae73e430_0;
    %flag_set/vec4 8;
    %jmp/0xz  T_4.0, 8;
    %jmp T_4.1;
T_4.0 ;
    %load/vec4 v00000216ae73e570_0;
    %pad/u 32;
    %cmpi/e 1, 0, 32;
    %jmp/0xz  T_4.2, 4;
    %load/vec4 v00000216ae73dcb0_0;
    %parti/s 1, 0, 2;
    %flag_set/vec4 8;
    %jmp/0xz  T_4.4, 8;
    %load/vec4 v00000216ae73e4d0_0;
    %parti/s 8, 0, 2;
    %load/vec4 v00000216ae79b480_0;
    %pad/u 10;
    %ix/vec4 3;
    %ix/load 4, 0, 0; Constant delay
    %assign/vec4/a/d v00000216ae73e6b0, 0, 4;
T_4.4 ;
    %load/vec4 v00000216ae73dcb0_0;
    %parti/s 1, 1, 2;
    %flag_set/vec4 8;
    %jmp/0xz  T_4.6, 8;
    %load/vec4 v00000216ae73e4d0_0;
    %parti/s 8, 8, 5;
    %load/vec4 v00000216ae79b480_0;
    %pad/u 10;
    %ix/vec4 3;
    %ix/load 4, 8, 0; part off
    %ix/load 5, 0, 0; Constant delay
    %assign/vec4/a/d v00000216ae73e6b0, 4, 5;
T_4.6 ;
    %load/vec4 v00000216ae73dcb0_0;
    %parti/s 1, 2, 3;
    %flag_set/vec4 8;
    %jmp/0xz  T_4.8, 8;
    %load/vec4 v00000216ae73e4d0_0;
    %parti/s 8, 16, 6;
    %load/vec4 v00000216ae79b480_0;
    %pad/u 10;
    %ix/vec4 3;
    %ix/load 4, 16, 0; part off
    %ix/load 5, 0, 0; Constant delay
    %assign/vec4/a/d v00000216ae73e6b0, 4, 5;
T_4.8 ;
    %load/vec4 v00000216ae73dcb0_0;
    %parti/s 1, 3, 3;
    %flag_set/vec4 8;
    %jmp/0xz  T_4.10, 8;
    %load/vec4 v00000216ae73e4d0_0;
    %parti/s 8, 24, 6;
    %load/vec4 v00000216ae79b480_0;
    %pad/u 10;
    %ix/vec4 3;
    %ix/load 4, 24, 0; part off
    %ix/load 5, 0, 0; Constant delay
    %assign/vec4/a/d v00000216ae73e6b0, 4, 5;
T_4.10 ;
T_4.2 ;
T_4.1 ;
    %jmp T_4;
    .thread T_4;
    .scope S_00000216ae741a60;
T_5 ;
Ewait_0 .event/or E_00000216ae746b10, E_0x0;
    %wait Ewait_0;
    %pushi/vec4 0, 0, 32;
    %store/vec4 v00000216ae73e390_0, 0, 32;
    %load/vec4 v00000216ae79bd40_0;
    %flag_set/vec4 8;
    %jmp/0xz  T_5.0, 8;
    %load/vec4 v00000216ae73db70_0;
    %pad/u 8;
    %ix/load 4, 0, 0;
    %flag_set/imm 4, 0;
    %store/vec4 v00000216ae73e390_0, 4, 8;
T_5.0 ;
    %load/vec4 v00000216ae79cb00_0;
    %flag_set/vec4 8;
    %jmp/0xz  T_5.2, 8;
    %load/vec4 v00000216ae73e070_0;
    %pad/u 8;
    %ix/load 4, 8, 0;
    %flag_set/imm 4, 0;
    %store/vec4 v00000216ae73e390_0, 4, 8;
T_5.2 ;
    %load/vec4 v00000216ae79cba0_0;
    %flag_set/vec4 8;
    %jmp/0xz  T_5.4, 8;
    %load/vec4 v00000216ae73e110_0;
    %pad/u 8;
    %ix/load 4, 16, 0;
    %flag_set/imm 4, 0;
    %store/vec4 v00000216ae73e390_0, 4, 8;
T_5.4 ;
    %load/vec4 v00000216ae79bca0_0;
    %flag_set/vec4 8;
    %jmp/0xz  T_5.6, 8;
    %load/vec4 v00000216ae73ddf0_0;
    %pad/u 8;
    %ix/load 4, 24, 0;
    %flag_set/imm 4, 0;
    %store/vec4 v00000216ae73e390_0, 4, 8;
T_5.6 ;
    %jmp T_5;
    .thread T_5, $push;
    .scope S_00000216ae74bde0;
T_6 ;
    %delay 5000, 0;
    %load/vec4 v00000216ae79b660_0;
    %pushi/vec4 0, 0, 1;
    %cmp/e;
    %flag_get/vec4 6;
    %store/vec4 v00000216ae79b660_0, 0, 1;
    %jmp T_6;
    .thread T_6;
    .scope S_00000216ae74bde0;
T_7 ;
    %pushi/vec4 0, 0, 1;
    %store/vec4 v00000216ae79b660_0, 0, 1;
    %pushi/vec4 1, 0, 1;
    %store/vec4 v00000216ae79cf60_0, 0, 1;
    %pushi/vec4 0, 0, 32;
    %store/vec4 v00000216ae79c100_0, 0, 32;
    %pushi/vec4 0, 0, 1;
    %store/vec4 v00000216ae79c920_0, 0, 1;
    %pushi/vec4 0, 0, 4;
    %store/vec4 v00000216ae79b3e0_0, 0, 4;
    %pushi/vec4 0, 0, 32;
    %store/vec4 v00000216ae79be80_0, 0, 32;
    %delay 20000, 0;
    %pushi/vec4 0, 0, 1;
    %store/vec4 v00000216ae79cf60_0, 0, 1;
    %vpi_call/w 3 34 "$display", "Iniciando Testbench Corregido..." {0 0 0};
    %pushi/vec4 4, 0, 32;
    %store/vec4 v00000216ae79c880_0, 0, 32;
    %pushi/vec4 3735928559, 0, 32;
    %store/vec4 v00000216ae79b200_0, 0, 32;
    %pushi/vec4 15, 0, 4;
    %store/vec4 v00000216ae79c380_0, 0, 4;
    %fork TD_data_memory_tb.task_write, S_00000216ae713f70;
    %join;
    %pushi/vec4 8, 0, 32;
    %store/vec4 v00000216ae73e250_0, 0, 32;
    %pushi/vec4 43981, 0, 16;
    %store/vec4 v00000216ae73dad0_0, 0, 16;
    %pushi/vec4 3, 0, 4;
    %store/vec4 v00000216ae73e1b0_0, 0, 4;
    %fork TD_data_memory_tb.EscribirMediaPalabra, S_00000216ae7418d0;
    %join;
    %delay 10000, 0;
    %pushi/vec4 4, 0, 32;
    %store/vec4 v00000216ae79c4c0_0, 0, 32;
    %pushi/vec4 15, 0, 4;
    %store/vec4 v00000216ae79b160_0, 0, 4;
    %fork TD_data_memory_tb.task_read, S_00000216ae713de0;
    %join;
    %vpi_call/w 3 48 "$display", "[READ] Address 0x04: %h (Expected: DEADBEEF)", v00000216ae79cd80_0 {0 0 0};
    %pushi/vec4 8, 0, 32;
    %store/vec4 v00000216ae79c4c0_0, 0, 32;
    %pushi/vec4 15, 0, 4;
    %store/vec4 v00000216ae79b160_0, 0, 4;
    %fork TD_data_memory_tb.task_read, S_00000216ae713de0;
    %join;
    %vpi_call/w 3 51 "$display", "[READ] Address 0x08: %h (Expected: 0000ABCD)", v00000216ae79cd80_0 {0 0 0};
    %delay 20000, 0;
    %vpi_call/w 3 55 "$display", "\012[SISTEMA] Generando archivo de salida corregido..." {0 0 0};
    %vpi_call/w 3 56 "$writememh", "./src/output/data_mem_final.hex", v00000216ae73e6b0 {0 0 0};
    %vpi_call/w 3 57 "$finish" {0 0 0};
    %end;
    .thread T_7;
# The file index is used to find the file name in the following table.
:file_names 5;
    "N/A";
    "<interactive>";
    "-";
    "./src/data_memory/data_memory_tb.sv";
    "./src/data_memory/data_memory.sv";
